Detecting compiler hash for triplet x64-windows...
Compiler found: C:/Program Files/Microsoft Visual Studio/2022/Community/VC/Tools/MSVC/14.44.35207/bin/Hostx64/x64/cl.exe
The following packages will be built and installed:
  * boost-algorithm:x64-windows@1.84.0
  * boost-align:x64-windows@1.84.0
    boost-any:x64-windows@1.84.0
  * boost-array:x64-windows@1.84.0
  * boost-assert:x64-windows@1.84.0
  * boost-atomic:x64-windows@1.84.0
  * boost-bind:x64-windows@1.84.0
  * boost-build:x64-windows@1.84.0
  * boost-chrono:x64-windows@1.84.0
  * boost-concept-check:x64-windows@1.84.0
  * boost-config:x64-windows@1.84.0
  * boost-container:x64-windows@1.84.0
    boost-container-hash:x64-windows@1.84.0
  * boost-conversion:x64-windows@1.84.0
  * boost-core:x64-windows@1.84.0
  * boost-date-time:x64-windows@1.84.0
  * boost-describe:x64-windows@1.84.0
  * boost-detail:x64-windows@1.84.0
    boost-dll:x64-windows@1.84.0
  * boost-endian:x64-windows@1.84.0
  * boost-exception:x64-windows@1.84.0
    boost-filesystem:x64-windows@1.84.0
    boost-format:x64-windows@1.84.0
  * boost-function:x64-windows@1.84.0
  * boost-function-types:x64-windows@1.84.0
  * boost-functional:x64-windows@1.84.0
  * boost-fusion:x64-windows@1.84.0
  * boost-integer:x64-windows@1.84.0
  * boost-intrusive:x64-windows@1.84.0
  * boost-io:x64-windows@1.84.0
  * boost-iterator:x64-windows@1.84.0
  * boost-lexical-cast:x64-windows@1.84.0
  * boost-modular-build-helper:x64-windows@1.84.0#2
  * boost-move:x64-windows@1.84.0
  * boost-mp11:x64-windows@1.84.0
  * boost-mpl:x64-windows@1.84.0
  * boost-numeric-conversion:x64-windows@1.84.0
  * boost-optional:x64-windows@1.84.0
  * boost-phoenix:x64-windows@1.84.0
  * boost-pool:x64-windows@1.84.0
  * boost-predef:x64-windows@1.84.0
  * boost-preprocessor:x64-windows@1.84.0
  * boost-proto:x64-windows@1.84.0
  * boost-range:x64-windows@1.84.0
  * boost-ratio:x64-windows@1.84.0
  * boost-regex:x64-windows@1.84.0
    boost-smart-ptr:x64-windows@1.84.0
  * boost-spirit:x64-windows@1.84.0
  * boost-static-assert:x64-windows@1.84.0
    boost-system:x64-windows@1.84.0
  * boost-thread:x64-windows@1.84.0
  * boost-throw-exception:x64-windows@1.84.0
  * boost-tokenizer:x64-windows@1.84.0
  * boost-tuple:x64-windows@1.84.0
  * boost-type-index:x64-windows@1.84.0
  * boost-type-traits:x64-windows@1.84.0
  * boost-typeof:x64-windows@1.84.0
  * boost-uninstall:x64-windows@1.84.0
  * boost-unordered:x64-windows@1.84.0
  * boost-utility:x64-windows@1.84.0
  * boost-variant:x64-windows@1.84.0
  * boost-variant2:x64-windows@1.84.0
  * boost-vcpkg-helpers:x64-windows@1.84.0
  * boost-winapi:x64-windows@1.84.0
    getopt-win32:x64-windows@1.1.0.20220925
    nlohmann-json:x64-windows@3.11.3
  * vcpkg-cmake:x64-windows@2023-05-04
  * vcpkg-cmake-config:x64-windows@2022-02-06#1
  * vcpkg-cmake-get-vars:x64-windows@2023-12-31
Additional packages (*) will be modified to complete this operation.
Restored 69 package(s) from C:\Users\Owner\AppData\Local\vcpkg\archives in 18 s. Use --debug to see more details.
Installing 1/69 boost-uninstall:x64-windows@1.84.0...
Elapsed time to handle boost-uninstall:x64-windows: 27.7 ms
boost-uninstall:x64-windows package ABI: e85c0d759fa13a95b910a2a7b0819f5af04753111d70e8d820929161ab5e3a58
Installing 2/69 boost-vcpkg-helpers:x64-windows@1.84.0...
Elapsed time to handle boost-vcpkg-helpers:x64-windows: 26.7 ms
boost-vcpkg-helpers:x64-windows package ABI: 76c3d64528f71586d2fdcfb79cad757707dfb7926372394abddffaf2503a92c3
Installing 3/69 boost-config:x64-windows@1.84.0...
Elapsed time to handle boost-config:x64-windows: 352 ms
boost-config:x64-windows package ABI: 3c7ed3a8d0ba9b6b90aa1b5e459e32791ff0b6ba56863c0328764c455d0e07a4
Installing 4/69 boost-assert:x64-windows@1.84.0...
Elapsed time to handle boost-assert:x64-windows: 38.4 ms
boost-assert:x64-windows package ABI: c7acdc23efab130b7269ceaff0e8b7dcd448c83817d8e5529263fba349f3a5c8
Installing 5/69 boost-throw-exception:x64-windows@1.84.0...
Elapsed time to handle boost-throw-exception:x64-windows: 34 ms
boost-throw-exception:x64-windows package ABI: 6fa61380277b980ae6a936ad79a6a66d963887568e538d038080c92000dc62bd
Installing 6/69 boost-static-assert:x64-windows@1.84.0...
Elapsed time to handle boost-static-assert:x64-windows: 37.1 ms
boost-static-assert:x64-windows package ABI: a4b2669baf605024bab8659707f37ffb74b078b4cace735463f6fd79086c9fcb
Installing 7/69 boost-core:x64-windows@1.84.0...
Elapsed time to handle boost-core:x64-windows: 112 ms
boost-core:x64-windows package ABI: c4818f706ec7f89f65a46361104b54c4fe7ee3d368eae90201cbe7db8c484dcf
Installing 8/69 boost-mp11:x64-windows@1.84.0...
Elapsed time to handle boost-mp11:x64-windows: 77 ms
boost-mp11:x64-windows package ABI: c2fa27cdd34bc6fe312f3521043eddbde3c6edf823945a4a82a8374c4fc63129
Installing 9/69 boost-describe:x64-windows@1.84.0...
Elapsed time to handle boost-describe:x64-windows: 57.1 ms
boost-describe:x64-windows package ABI: 533e940bf13ec4898f05155d33f751911cfdd67d86323de1e064307644fbcd14
Installing 10/69 boost-container-hash:x64-windows@1.84.0...
Elapsed time to handle boost-container-hash:x64-windows: 60.1 ms
boost-container-hash:x64-windows package ABI: d7e3eaf551abd84315075378150235fdbb7e13c97e20b16c2fb58fc2c2991079
Installing 11/69 boost-type-index:x64-windows@1.84.0...
Elapsed time to handle boost-type-index:x64-windows: 56.1 ms
boost-type-index:x64-windows package ABI: 1c0b4cc6c92cee6c615a64b98447ebc775f3a4ae5fa3eef10058c88ed4ef4e6e
Installing 12/69 boost-any:x64-windows@1.84.0...
Elapsed time to handle boost-any:x64-windows: 45.6 ms
boost-any:x64-windows package ABI: 38e5b70cc4ef9942f09ed52bd78266ed5cd1e483b9f3513d803aa51db292359b
Installing 13/69 boost-predef:x64-windows@1.84.0...
Elapsed time to handle boost-predef:x64-windows: 215 ms
boost-predef:x64-windows package ABI: 93631d4243510e2cbd4e16e461f5fbc5a9c0254ecde5ea5a38f25c14cdebff70
Installing 14/69 boost-winapi:x64-windows@1.84.0...
Elapsed time to handle boost-winapi:x64-windows: 157 ms
boost-winapi:x64-windows package ABI: 6114f14d08e1d6c82985ed6e45e86433bf06eb37c34e0af3ae9eb5d5e81fec6d
Installing 15/69 boost-type-traits:x64-windows@1.84.0...
Elapsed time to handle boost-type-traits:x64-windows: 264 ms
boost-type-traits:x64-windows package ABI: c4d344ef84008c088b19c6aa8a4d3acbaf59213a72c7b1e0542013cb1319da14
Installing 16/69 vcpkg-cmake:x64-windows@2023-05-04...
Elapsed time to handle vcpkg-cmake:x64-windows: 38.7 ms
vcpkg-cmake:x64-windows package ABI: 0f474748f59f62a91b8ea3c3cb493e5f347b0bfbe0ce0bf6f112310a1a4cdd32
Installing 17/69 boost-variant2:x64-windows@1.84.0...
Elapsed time to handle boost-variant2:x64-windows: 25.9 ms
boost-variant2:x64-windows package ABI: e64232a18b1aa5bf32c5832a92a512c5cb98da985f5006c78e86bdf9c0a2bb34
Installing 18/69 vcpkg-cmake-get-vars:x64-windows@2023-12-31...
Elapsed time to handle vcpkg-cmake-get-vars:x64-windows: 38.7 ms
vcpkg-cmake-get-vars:x64-windows package ABI: 2c8bfa4fc9f7cd8d36a26434e3530db0d8b1a11b9936eac388c611fe5e4d36f3
Installing 19/69 boost-modular-build-helper:x64-windows@1.84.0#2...
Elapsed time to handle boost-modular-build-helper:x64-windows: 43.7 ms
boost-modular-build-helper:x64-windows package ABI: 7fbc0731758018eb0561f5b06164c27c840485dc65cab03c6c6c2822bb346ba1
Installing 20/69 boost-build:x64-windows@1.84.0...
Elapsed time to handle boost-build:x64-windows: 1.5 s
boost-build:x64-windows package ABI: 9cd7227a1a10379fb994c0bda04a553021913fb42ec19d017617a62fe0515488
Installing 21/69 boost-system:x64-windows@1.84.0...
Elapsed time to handle boost-system:x64-windows: 111 ms
boost-system:x64-windows package ABI: c505673d780bef539116609e09b0e18d81e54e0124d163a2b90baba75f5c72af
Installing 22/69 boost-preprocessor:x64-windows@1.84.0...
Elapsed time to handle boost-preprocessor:x64-windows: 565 ms
boost-preprocessor:x64-windows package ABI: e42743f9aee426659034ebfb3e4f2ac779a116f06ce67cf53ecc8e48803fb407
Installing 23/69 boost-io:x64-windows@1.84.0...
Elapsed time to handle boost-io:x64-windows: 67.3 ms
boost-io:x64-windows package ABI: ec54dec61487d0c2d7f0945daf8edb6875541336239957849edafa1e73071f97
Installing 24/69 boost-utility:x64-windows@1.84.0...
Elapsed time to handle boost-utility:x64-windows: 76.9 ms
boost-utility:x64-windows package ABI: a41038da47da50382e66c3b0e35bff1c947caeb717bdc1cf9e3d71439b0fb124
Installing 25/69 boost-mpl:x64-windows@1.84.0...
Elapsed time to handle boost-mpl:x64-windows: 1.7 s
boost-mpl:x64-windows package ABI: 4785457e348435873cb2bd42f029eb1504f9217d2c6e1d7978434d8277459343
Installing 26/69 boost-integer:x64-windows@1.84.0...
Elapsed time to handle boost-integer:x64-windows: 68.4 ms
boost-integer:x64-windows package ABI: 51196b1d5067f4d9da793c4b9c92d076c96d44daa2bc297b82aaa26503d07dfd
Installing 27/69 boost-detail:x64-windows@1.84.0...
Elapsed time to handle boost-detail:x64-windows: 74.4 ms
boost-detail:x64-windows package ABI: 511544c1197094f1bc7bdcf559b90d5b9286940bf1278b69d806156831554102
Installing 28/69 boost-variant:x64-windows@1.84.0...
Elapsed time to handle boost-variant:x64-windows: 99.4 ms
boost-variant:x64-windows package ABI: 6a323e544c118230565a51b2fe428767a2d207f8851b309804a6f62d740ecb46
Installing 29/69 boost-unordered:x64-windows@1.84.0...
Elapsed time to handle boost-unordered:x64-windows: 117 ms
boost-unordered:x64-windows package ABI: 754d4b21748cc631cf198a00268b885d553079bad039104ce6fd6a9663963659
Installing 30/69 boost-typeof:x64-windows@1.84.0...
Elapsed time to handle boost-typeof:x64-windows: 90.3 ms
boost-typeof:x64-windows package ABI: 20add8c9ac110ee7cb1b9f7e6d72388cf8a8a98b9f86e8da17bd5ab2c86619d2
Installing 31/69 boost-tuple:x64-windows@1.84.0...
Elapsed time to handle boost-tuple:x64-windows: 53.6 ms
boost-tuple:x64-windows package ABI: 13e61a2c2fcb1e09e92708e7c111ed55bb1ed3e69781f28760ff17e4e9c0865d
Installing 32/69 boost-move:x64-windows@1.84.0...
Elapsed time to handle boost-move:x64-windows: 108 ms
boost-move:x64-windows package ABI: e5e27b274d4f24ec3a4e9af40be5b62ac463086d42c63b388816d06a089bc1c2
Installing 33/69 boost-smart-ptr:x64-windows@1.84.0...
Elapsed time to handle boost-smart-ptr:x64-windows: 181 ms
boost-smart-ptr:x64-windows package ABI: e54589d9804ecee2af55af21da49c0a30c6b6248e933f16bb1987bdfad3569c2
Installing 34/69 boost-optional:x64-windows@1.84.0...
Elapsed time to handle boost-optional:x64-windows: 70.7 ms
boost-optional:x64-windows package ABI: 17de3200717d30e47226563a84e1329a8ad58b7550b2cc520ad44fe39f069514
Installing 35/69 boost-bind:x64-windows@1.84.0...
Elapsed time to handle boost-bind:x64-windows: 79 ms
boost-bind:x64-windows package ABI: 82c7164f69f24b1cb2cf2b504f5416713fb022a88d90750faef41195b252a6cc
Installing 36/69 boost-function:x64-windows@1.84.0...
Elapsed time to handle boost-function:x64-windows: 73.6 ms
boost-function:x64-windows package ABI: bf6e6b8c58c8f14ec8e6e211afe4ebfb9be11fefa74acb396df89a8a612cd6da
Installing 37/69 boost-exception:x64-windows@1.84.0...
Elapsed time to handle boost-exception:x64-windows: 101 ms
boost-exception:x64-windows package ABI: 12cdcbf6cebde740617b76cb515505b452002dbc0850eb0d8047fccc1db9e197
Installing 38/69 boost-function-types:x64-windows@1.84.0...
Elapsed time to handle boost-function-types:x64-windows: 159 ms
boost-function-types:x64-windows package ABI: ca1cea115308584953f8a4dd5e2c7037d8c516c47164f9d69ca3019f7b93c9e7
Installing 39/69 boost-functional:x64-windows@1.84.0...
Elapsed time to handle boost-functional:x64-windows: 76.9 ms
boost-functional:x64-windows package ABI: 255184bd1967bf9021c91b922cc2d8fd564fd6aca7c6b1756586d86aea9382c1
Installing 40/69 boost-fusion:x64-windows@1.84.0...
Elapsed time to handle boost-fusion:x64-windows: 1.5 s
boost-fusion:x64-windows package ABI: cf38a6f6d5bf250c60919aadb5ca23a6cf9b138379b8561521ce00e719a3c2f9
Installing 41/69 boost-concept-check:x64-windows@1.84.0...
Elapsed time to handle boost-concept-check:x64-windows: 65.1 ms
boost-concept-check:x64-windows package ABI: 9f5ddd65f1cabc408361192e3cf5745f9a3066dbeb10d6e5b0df0cc48bedb94f
Installing 42/69 boost-iterator:x64-windows@1.84.0...
Elapsed time to handle boost-iterator:x64-windows: 82.5 ms
boost-iterator:x64-windows package ABI: f4e54fc8336aca223792cd81ea6ad26991a5b793a3c6fa08dc660b53c651a7f7
Installing 43/69 boost-tokenizer:x64-windows@1.84.0...
Elapsed time to handle boost-tokenizer:x64-windows: 45.8 ms
boost-tokenizer:x64-windows package ABI: 7a778940302198fb79230a4d42bdc410fd9cd93483068910442b2a354e6ce676
Installing 44/69 boost-regex:x64-windows@1.84.0...
Elapsed time to handle boost-regex:x64-windows: 172 ms
boost-regex:x64-windows package ABI: b3e1e731ff1574d264ca98ac17f4c696158971ca31acc051483a90ccae0e0769
Installing 45/69 boost-conversion:x64-windows@1.84.0...
Elapsed time to handle boost-conversion:x64-windows: 50.9 ms
boost-conversion:x64-windows package ABI: 88809fb91372205e32c3ab36659c292790c74f809ecd8d00cd8b46cfc646a9f5
Installing 46/69 boost-array:x64-windows@1.84.0...
Elapsed time to handle boost-array:x64-windows: 42.6 ms
boost-array:x64-windows package ABI: 8bacb8c14d190479f81ab57bfe99e5d55ca740f7efe98852dfdb0d3436ead32f
Installing 47/69 boost-range:x64-windows@1.84.0...
Elapsed time to handle boost-range:x64-windows: 244 ms
boost-range:x64-windows package ABI: f252efc6b908b979f19ec1bb7c37ff2b2e4ccd344e6d059a6ff1e97cee524029
Installing 48/69 boost-numeric-conversion:x64-windows@1.84.0...
Elapsed time to handle boost-numeric-conversion:x64-windows: 92.3 ms
boost-numeric-conversion:x64-windows package ABI: 03c77006f0fbfb8e48a7e38e6dd8036484a08c1fc59367804fbda218fbcb73a7
Installing 49/69 boost-intrusive:x64-windows@1.84.0...
Elapsed time to handle boost-intrusive:x64-windows: 160 ms
boost-intrusive:x64-windows package ABI: 440ec90703d4432ab093453edfa5295e62d2e8444655b70b7f9bf67df2d5075d
Installing 50/69 boost-container:x64-windows@1.84.0...
Elapsed time to handle boost-container:x64-windows: 182 ms
boost-container:x64-windows package ABI: 841254f4d1af71e24de19c723b620b5f881f1715edb0d653ee0708178b2c3eae
Installing 51/69 boost-lexical-cast:x64-windows@1.84.0...
Elapsed time to handle boost-lexical-cast:x64-windows: 75.2 ms
boost-lexical-cast:x64-windows package ABI: 22bf9ec574900db8fe79609a0714120b5f9ea56a1bb4bd43529a8d5895b671b7
Installing 52/69 boost-algorithm:x64-windows@1.84.0...
Elapsed time to handle boost-algorithm:x64-windows: 165 ms
boost-algorithm:x64-windows package ABI: 34023a01eaa217939a4a9cce062c7ef0c1dd01534564343684064b0cb5d9c637
Installing 53/69 boost-date-time:x64-windows@1.84.0...
Elapsed time to handle boost-date-time:x64-windows: 159 ms
boost-date-time:x64-windows package ABI: b95f723b05cb5651e26556e0b8265f88255d945314b42e4777c51eefe0e4e456
Installing 54/69 boost-ratio:x64-windows@1.84.0...
Elapsed time to handle boost-ratio:x64-windows: 64.5 ms
boost-ratio:x64-windows package ABI: a4127b1efae42b87982e44f6172b3a5114d8e38f2a4ce5eebb2ab01f797ed995
Installing 55/69 boost-chrono:x64-windows@1.84.0...
Elapsed time to handle boost-chrono:x64-windows: 126 ms
boost-chrono:x64-windows package ABI: 6f9c98b37df2f7a556ce1fc0f99d5a6e0c7a4f1c25d255189aa938fc55a78c1a
Installing 56/69 boost-align:x64-windows@1.84.0...
Elapsed time to handle boost-align:x64-windows: 113 ms
boost-align:x64-windows package ABI: 9d96aa979c19c2c32521d353e8e81a799d74c7213dd623793f5567e4e73566f2
Installing 57/69 boost-atomic:x64-windows@1.84.0...
Elapsed time to handle boost-atomic:x64-windows: 207 ms
boost-atomic:x64-windows package ABI: f2e3499fe97c3e823f03011c675101fb7ada4a705e5ae44d3c4298a43a2b26ad
Installing 58/69 boost-thread:x64-windows@1.84.0...
Elapsed time to handle boost-thread:x64-windows: 274 ms
boost-thread:x64-windows package ABI: 299dfa588be611b962366eb529a06b30ab3544dcfb054ed664302365d1bb5010
Installing 59/69 boost-proto:x64-windows@1.84.0...
Elapsed time to handle boost-proto:x64-windows: 260 ms
boost-proto:x64-windows package ABI: a06af2d7e62a672cab92f6525743de159d41fb31397fdd6ec384b5b54f3d3f5e
Installing 60/69 boost-pool:x64-windows@1.84.0...
Elapsed time to handle boost-pool:x64-windows: 92.2 ms
boost-pool:x64-windows package ABI: a96773f9abd4a31a89be18b5ea8009439f971a9dcf81e066e6aa62770517e3b1
Installing 61/69 boost-phoenix:x64-windows@1.84.0...
Elapsed time to handle boost-phoenix:x64-windows: 538 ms
boost-phoenix:x64-windows package ABI: 5b545147701a4e51460fdab51de1989f95bb4876f05ce557a7512d34d8bd37da
Installing 62/69 boost-endian:x64-windows@1.84.0...
Elapsed time to handle boost-endian:x64-windows: 86.6 ms
boost-endian:x64-windows package ABI: 85e098f53d6a966b196cd88baa7ac662ece5c041c5a4f60fd6baf1d31489bec6
Installing 63/69 boost-spirit:x64-windows@1.84.0...
Elapsed time to handle boost-spirit:x64-windows: 1.3 s
boost-spirit:x64-windows package ABI: 0375d2fed368921d92ca423f1d603e9517da097d7b8f1b7bb044b74bd465fef4
Installing 64/69 boost-filesystem:x64-windows@1.84.0...
Elapsed time to handle boost-filesystem:x64-windows: 88.8 ms
boost-filesystem:x64-windows package ABI: 27c2ed8e33793d6c97ced516af48c040f97202aedec043f10a9874cac37f1912
Installing 65/69 boost-dll:x64-windows@1.84.0...
Elapsed time to handle boost-dll:x64-windows: 86.2 ms
boost-dll:x64-windows package ABI: b6a0f131be8f94491ea4ac5e78e60f13845db40fcc3daf4a1669a3f0e264f1c5
Installing 66/69 boost-format:x64-windows@1.84.0...
Elapsed time to handle boost-format:x64-windows: 78.3 ms
boost-format:x64-windows package ABI: 6dd30739123c704be7d6b4c7b14e97be550faef719505bc15024f43eac394862
Installing 67/69 vcpkg-cmake-config:x64-windows@2022-02-06#1...
Elapsed time to handle vcpkg-cmake-config:x64-windows: 51.2 ms
vcpkg-cmake-config:x64-windows package ABI: 4a1d325d6a3ed913b44651dce221499caac567e3fed7cb6512fe1feb9c0b0e5b
Installing 68/69 getopt-win32:x64-windows@1.1.0.20220925...
Elapsed time to handle getopt-win32:x64-windows: 71.9 ms
getopt-win32:x64-windows package ABI: 2a49c7a93ab584929ec3aaaf653a9916b06915598c306be7032dce26b38975a5
Installing 69/69 nlohmann-json:x64-windows@3.11.3...
Elapsed time to handle nlohmann-json:x64-windows: 115 ms
nlohmann-json:x64-windows package ABI: d42c1bab8ad87265a3f0a81d65d979cf6e24d075807d709e11bb062547bfa5e6
Installed contents are licensed to you by owners. Microsoft is not responsible for, nor does it grant any licenses to, third-party packages.
Packages installed in this vcpkg installation declare the following licenses:
BSL-1.0
LGPL-3.0-only
MIT
The package boost is compatible with built-in CMake targets:

    find_package(Boost REQUIRED [COMPONENTS <libs>...])
    target_link_libraries(main PRIVATE Boost::boost Boost::<lib1> Boost::<lib2> ...)

getopt-win32 provides CMake targets:

    find_package(unofficial-getopt-win32 REQUIRED)
    target_link_libraries(main PRIVATE unofficial::getopt-win32::getopt)

The package nlohmann-json provides CMake targets:

    find_package(nlohmann_json CONFIG REQUIRED)
    target_link_libraries(main PRIVATE nlohmann_json::nlohmann_json)

The package nlohmann-json can be configured to not provide implicit conversions via a custom triplet file:

    set(nlohmann-json_IMPLICIT_CONVERSIONS OFF)

For more information, see the docs here:
    
    https://json.nlohmann.me/api/macros/json_use_implicit_conversions/

All requested installations completed successfully in: 14 s
